Started GET "/" for 127.0.0.1 at 2021-07-07 23:32:23 +0200
  [1m[35m (8.2ms)[0m  [1m[34mSELECT sqlite_version(*)[0m
Processing by Rails::WelcomeController#index as HTML
  Rendering /Users/najimasahloumi/.rvm/gems/ruby-3.0.2/gems/railties-6.1.4/lib/rails/templates/rails/welcome/index.html.erb
  Rendered /Users/najimasahloumi/.rvm/gems/ruby-3.0.2/gems/railties-6.1.4/lib/rails/templates/rails/welcome/index.html.erb (Duration: 11.0ms | Allocations: 530)
Completed 200 OK in 35ms (Views: 18.9ms | ActiveRecord: 0.0ms | Allocations: 4642)


Started GET "/favicon.ico" for 127.0.0.1 at 2021-07-07 23:32:23 +0200
  
ActionController::RoutingError (No route matches [GET] "/favicon.ico"):
  
  [1m[35m (2.2ms)[0m  [1m[34mSELECT sqlite_version(*)[0m
  [1m[35m (2.0ms)[0m  [1m[35mCREATE TABLE "schema_migrations" ("version" varchar NOT NULL PRIMARY KEY)[0m
  [1m[35m (4.4ms)[0m  [1m[35mCREATE TABLE "ar_internal_metadata" ("key" varchar NOT NULL PRIMARY KEY, "value" varchar, "created_at" datetime(6) NOT NULL, "updated_at" datetime(6) NOT NULL)[0m
  [1m[35m (0.4ms)[0m  [1m[34mSELECT "schema_migrations"."version" FROM "schema_migrations" ORDER BY "schema_migrations"."version" ASC[0m
Migrating to CreateSecretMenuItems (20210707213858)
  [1m[36mTRANSACTION (0.2ms)[0m  [1m[36mbegin transaction[0m
  [1m[35m (1.0ms)[0m  [1m[35mCREATE TABLE "secret_menu_items" ("id" integer PRIMARY KEY AUTOINCREMENT NOT NULL, "menu_name" varchar, "restaurant_name" varchar, "menu_description" varchar)[0m
  [1m[36mActiveRecord::SchemaMigration Create (0.4ms)[0m  [1m[32mINSERT INTO "schema_migrations" ("version") VALUES (?)[0m  [["version", "20210707213858"]]
  [1m[36mTRANSACTION (2.5ms)[0m  [1m[36mcommit transaction[0m
  [1m[36mActiveRecord::InternalMetadata Load (0.3ms)[0m  [1m[34mSELECT "ar_internal_metadata".* FROM "ar_internal_metadata" WHERE "ar_internal_metadata"."key" = ? LIMIT ?[0m  [["key", "environment"], ["LIMIT", 1]]
  [1m[36mTRANSACTION (0.1ms)[0m  [1m[36mbegin transaction[0m
  [1m[36mActiveRecord::InternalMetadata Create (0.8ms)[0m  [1m[32mINSERT INTO "ar_internal_metadata" ("key", "value", "created_at", "updated_at") VALUES (?, ?, ?, ?)[0m  [["key", "environment"], ["value", "development"], ["created_at", "2021-07-07 21:55:06.609969"], ["updated_at", "2021-07-07 21:55:06.609969"]]
  [1m[36mTRANSACTION (1.7ms)[0m  [1m[36mcommit transaction[0m
  [1m[35m (0.2ms)[0m  [1m[34mSELECT sqlite_version(*)[0m
  [1m[35m (0.3ms)[0m  [1m[34mSELECT "schema_migrations"."version" FROM "schema_migrations" ORDER BY "schema_migrations"."version" ASC[0m
  [1m[35m (1.4ms)[0m  [1m[34mSELECT sqlite_version(*)[0m
  [1m[35m (0.2ms)[0m  [1m[34mSELECT "schema_migrations"."version" FROM "schema_migrations" ORDER BY "schema_migrations"."version" ASC[0m
  [1m[35m (0.1ms)[0m  [1m[34mSELECT sqlite_version(*)[0m
  [1m[36mTRANSACTION (0.1ms)[0m  [1m[36mbegin transaction[0m
  [1m[36mSecretMenuItem Create (1.4ms)[0m  [1m[32mINSERT INTO "secret_menu_items" ("menu_name", "restaurant_name", "menu_description") VALUES (?, ?, ?)[0m  [["menu_name", "Chipotle Nachos"], ["restaurant_name", "Chipotle"], ["menu_description", "Build a plate of nachos with all of your favorite fixings"]]
  [1m[36mTRANSACTION (1.0ms)[0m  [1m[36mcommit transaction[0m
  [1m[36mTRANSACTION (0.0ms)[0m  [1m[36mbegin transaction[0m
  [1m[36mSecretMenuItem Create (0.7ms)[0m  [1m[32mINSERT INTO "secret_menu_items" ("menu_name", "restaurant_name", "menu_description") VALUES (?, ?, ?)[0m  [["menu_name", "Starbucks butterbeer Frappuccino"], ["restaurant_name", "Starbucks"], ["menu_description", "Combine three pumps of toffee nut syrup and three pumps of caramel with a Crème Frappuccino base"]]
  [1m[36mTRANSACTION (1.1ms)[0m  [1m[36mcommit transaction[0m
  [1m[36mTRANSACTION (0.0ms)[0m  [1m[36mbegin transaction[0m
  [1m[36mSecretMenuItem Create (0.4ms)[0m  [1m[32mINSERT INTO "secret_menu_items" ("menu_name", "restaurant_name", "menu_description") VALUES (?, ?, ?)[0m  [["menu_name", "Skittles"], ["restaurant_name", "Jamba Juice"], ["menu_description", "A mixture of lemonade, lime sherbet, frozen yogurt, and strawberries"]]
  [1m[36mTRANSACTION (1.1ms)[0m  [1m[36mcommit transaction[0m
  [1m[35m (10.2ms)[0m  [1m[34mSELECT sqlite_version(*)[0m
  [1m[36mSecretMenuItem Load (0.3ms)[0m  [1m[34mSELECT "secret_menu_items".* FROM "secret_menu_items"[0m
Started GET "/secret_menu_items" for ::1 at 2021-07-08 00:21:49 +0200
  [1m[35m (1.4ms)[0m  [1m[34mSELECT sqlite_version(*)[0m
  [1m[35m (0.8ms)[0m  [1m[34mSELECT "schema_migrations"."version" FROM "schema_migrations" ORDER BY "schema_migrations"."version" ASC[0m
Processing by SecretMenuItemsController#index as */*
  [1m[36mSecretMenuItem Load (3.0ms)[0m  [1m[34mSELECT "secret_menu_items".* FROM "secret_menu_items"[0m
  ↳ app/controllers/secret_menu_items_controller.rb:4:in `index'
Completed 200 OK in 24ms (Views: 9.2ms | ActiveRecord: 3.8ms | Allocations: 6514)


Started GET "/secret_menu_items/1" for ::1 at 2021-07-08 00:24:22 +0200
Processing by SecretMenuItemsController#show as */*
  Parameters: {"id"=>"1"}
  [1m[36mSecretMenuItem Load (0.6ms)[0m  [1m[34mSELECT "secret_menu_items".* FROM "secret_menu_items" WHERE "secret_menu_items"."id" = ? LIMIT ?[0m  [["id", 1], ["LIMIT", 1]]
  ↳ app/controllers/secret_menu_items_controller.rb:8:in `show'
Completed 200 OK in 20ms (Views: 1.4ms | ActiveRecord: 0.6ms | Allocations: 2553)


Started POST "/secret_menu_items" for ::1 at 2021-07-08 00:25:49 +0200
Processing by SecretMenuItemsController#create as */*
  [1m[36mTRANSACTION (0.1ms)[0m  [1m[36mbegin transaction[0m
  ↳ app/controllers/secret_menu_items_controller.rb:13:in `create'
  [1m[36mSecretMenuItem Create (1.6ms)[0m  [1m[32mINSERT INTO "secret_menu_items" DEFAULT VALUES[0m
  ↳ app/controllers/secret_menu_items_controller.rb:13:in `create'
  [1m[36mTRANSACTION (1.4ms)[0m  [1m[36mcommit transaction[0m
  ↳ app/controllers/secret_menu_items_controller.rb:13:in `create'
Completed 200 OK in 19ms (Views: 0.3ms | ActiveRecord: 3.1ms | Allocations: 2013)


Started POST "/secret_menu_items" for ::1 at 2021-07-08 00:31:02 +0200
Processing by SecretMenuItemsController#create as */*
  Parameters: {"\"menu_name\n\""=>"Hash Brown McMuffin", "restaurant_name"=>"McDonald's", "menu_description"=>"An Egg McMuffin with the hash brown right in the center"}
  [1m[35m (0.1ms)[0m  [1m[34mSELECT sqlite_version(*)[0m
  ↳ app/controllers/secret_menu_items_controller.rb:13:in `create'
  [1m[36mTRANSACTION (0.1ms)[0m  [1m[36mbegin transaction[0m
  ↳ app/controllers/secret_menu_items_controller.rb:13:in `create'
  [1m[36mSecretMenuItem Create (7.5ms)[0m  [1m[32mINSERT INTO "secret_menu_items" ("restaurant_name", "menu_description") VALUES (?, ?)[0m  [["restaurant_name", "McDonald's"], ["menu_description", "An Egg McMuffin with the hash brown right in the center"]]
  ↳ app/controllers/secret_menu_items_controller.rb:13:in `create'
  [1m[36mTRANSACTION (2.7ms)[0m  [1m[36mcommit transaction[0m
  ↳ app/controllers/secret_menu_items_controller.rb:13:in `create'
Completed 200 OK in 25ms (Views: 1.3ms | ActiveRecord: 10.8ms | Allocations: 2290)


Started POST "/secret_menu_items" for ::1 at 2021-07-08 00:31:21 +0200
Processing by SecretMenuItemsController#create as */*
  Parameters: {"menu_name"=>"Hash Brown McMuffin", "restaurant_name"=>"McDonald's", "menu_description"=>"An Egg McMuffin with the hash brown right in the center"}
  [1m[36mTRANSACTION (0.1ms)[0m  [1m[36mbegin transaction[0m
  ↳ app/controllers/secret_menu_items_controller.rb:13:in `create'
  [1m[36mSecretMenuItem Create (0.9ms)[0m  [1m[32mINSERT INTO "secret_menu_items" ("menu_name", "restaurant_name", "menu_description") VALUES (?, ?, ?)[0m  [["menu_name", "Hash Brown McMuffin"], ["restaurant_name", "McDonald's"], ["menu_description", "An Egg McMuffin with the hash brown right in the center"]]
  ↳ app/controllers/secret_menu_items_controller.rb:13:in `create'
  [1m[36mTRANSACTION (9.4ms)[0m  [1m[36mcommit transaction[0m
  ↳ app/controllers/secret_menu_items_controller.rb:13:in `create'
Completed 200 OK in 15ms (Views: 0.2ms | ActiveRecord: 10.4ms | Allocations: 1608)


Started PATCH "/secret_menu_items/4" for ::1 at 2021-07-08 00:47:42 +0200
Processing by SecretMenuItemsController#update as */*
  Parameters: {"menu_name"=>"Peanut butter bacon cheeseburger", "restaurant_name"=>"Shake Shack", "menu_description"=>"A bacon burger with a side of peanut sauce", "id"=>"4"}
  [1m[35m (0.3ms)[0m  [1m[34mSELECT sqlite_version(*)[0m
  ↳ app/controllers/secret_menu_items_controller.rb:22:in `update'
  [1m[36mSecretMenuItem Load (0.7ms)[0m  [1m[34mSELECT "secret_menu_items".* FROM "secret_menu_items" WHERE "secret_menu_items"."id" = ? LIMIT ?[0m  [["id", 4], ["LIMIT", 1]]
  ↳ app/controllers/secret_menu_items_controller.rb:22:in `update'
  [1m[36mTRANSACTION (0.1ms)[0m  [1m[36mbegin transaction[0m
  ↳ app/controllers/secret_menu_items_controller.rb:23:in `update'
  [1m[36mSecretMenuItem Update (2.6ms)[0m  [1m[33mUPDATE "secret_menu_items" SET "menu_name" = ?, "restaurant_name" = ?, "menu_description" = ? WHERE "secret_menu_items"."id" = ?[0m  [["menu_name", "Peanut butter bacon cheeseburger"], ["restaurant_name", "Shake Shack"], ["menu_description", "A bacon burger with a side of peanut sauce"], ["id", 4]]
  ↳ app/controllers/secret_menu_items_controller.rb:23:in `update'
  [1m[36mTRANSACTION (1.1ms)[0m  [1m[36mcommit transaction[0m
  ↳ app/controllers/secret_menu_items_controller.rb:23:in `update'
Completed 200 OK in 31ms (Views: 0.7ms | ActiveRecord: 7.2ms | Allocations: 2700)


Started GET "/secret_menu_items/" for ::1 at 2021-07-08 00:48:09 +0200
Processing by SecretMenuItemsController#index as */*
  Parameters: {"menu_name"=>"Peanut butter bacon cheeseburger", "restaurant_name"=>"Shake Shack", "menu_description"=>"A bacon burger with a side of peanut sauce"}
  [1m[36mSecretMenuItem Load (0.3ms)[0m  [1m[34mSELECT "secret_menu_items".* FROM "secret_menu_items"[0m
  ↳ app/controllers/secret_menu_items_controller.rb:4:in `index'
Completed 200 OK in 3ms (Views: 2.6ms | ActiveRecord: 0.3ms | Allocations: 961)


Started DELETE "/secret_menu_items/4" for ::1 at 2021-07-08 00:48:59 +0200
Processing by SecretMenuItemsController#destroy as */*
  Parameters: {"menu_name"=>"Peanut butter bacon cheeseburger", "restaurant_name"=>"Shake Shack", "menu_description"=>"A bacon burger with a side of peanut sauce", "id"=>"4"}
  [1m[36mSecretMenuItem Load (0.2ms)[0m  [1m[34mSELECT "secret_menu_items".* FROM "secret_menu_items" WHERE "secret_menu_items"."id" = ? LIMIT ?[0m  [["id", 4], ["LIMIT", 1]]
  ↳ app/controllers/secret_menu_items_controller.rb:33:in `destroy'
  [1m[36mTRANSACTION (0.2ms)[0m  [1m[36mbegin transaction[0m
  ↳ app/controllers/secret_menu_items_controller.rb:34:in `destroy'
  [1m[36mSecretMenuItem Destroy (3.3ms)[0m  [1m[31mDELETE FROM "secret_menu_items" WHERE "secret_menu_items"."id" = ?[0m  [["id", 4]]
  ↳ app/controllers/secret_menu_items_controller.rb:34:in `destroy'
  [1m[36mTRANSACTION (9.5ms)[0m  [1m[36mcommit transaction[0m
  ↳ app/controllers/secret_menu_items_controller.rb:34:in `destroy'
  [1m[36mSecretMenuItem Load (0.5ms)[0m  [1m[34mSELECT "secret_menu_items".* FROM "secret_menu_items"[0m
  ↳ app/controllers/secret_menu_items_controller.rb:35:in `destroy'
Completed 200 OK in 30ms (Views: 5.3ms | ActiveRecord: 13.7ms | Allocations: 2609)


